# JRE version: Java(TM) SE Runtime Environment (8.0_51-b16) (build 1.8.0_51-b16)
# Java VM: Java HotSpot(TM) 64-Bit Server VM (25.51-b03 mixed mode linux-amd64 compressed oops)
Heap:
 par new generation   total 39296K, used 38925K [0x00000000d1200000, 0x00000000d3ca0000, 0x00000000e0c00000)
  eden space 34944K,  99% used [0x00000000d1200000, 0x00000000d341f370, 0x00000000d3420000)
  from space 4352K,  91% used [0x00000000d3860000, 0x00000000d3c44458, 0x00000000d3ca0000)
  to   space 4352K, 100% used [0x00000000d3420000, 0x00000000d3860000, 0x00000000d3860000)
 concurrent mark-sweep generation total 87424K, used 24824K [0x00000000e0c00000, 0x00000000e6160000, 0x0000000100000000)
 Metaspace       used 39687K, capacity 40606K, committed 40716K, reserved 1085440K
  class space    used 4830K, capacity 5078K, committed 5168K, reserved 1048576K
GC Heap History (10 events):
Event: 3.322 GC heap after
Heap after GC invocations=3 (full 0):
 par new generation   total 39296K, used 4352K [0x00000000d1200000, 0x00000000d3ca0000, 0x00000000e0c00000)
  eden space 34944K,   0% used [0x00000000d1200000, 0x00000000d1200000, 0x00000000d3420000)
  from space 4352K, 100% used [0x00000000d3860000, 0x00000000d3ca0000, 0x00000000d3ca0000)
  to   space 4352K,   0% used [0x00000000d3420000, 0x00000000d3420000, 0x00000000d3860000)
 concurrent mark-sweep generation total 87424K, used 6500K [0x00000000e0c00000, 0x00000000e6160000, 0x0000000100000000)
 Metaspace       used 15142K, capacity 15356K, committed 15616K, reserved 1062912K
  class space    used 1686K, capacity 1752K, committed 1792K, reserved 1048576K
}
Event: 5.645 GC heap before
{Heap before GC invocations=3 (full 1):
 par new generation   total 39296K, used 39284K [0x00000000d1200000, 0x00000000d3ca0000, 0x00000000e0c00000)
  eden space 34944K,  99% used [0x00000000d1200000, 0x00000000d341d268, 0x00000000d3420000)
  from space 4352K, 100% used [0x00000000d3860000, 0x00000000d3ca0000, 0x00000000d3ca0000)
  to   space 4352K,   0% used [0x00000000d3420000, 0x00000000d3420000, 0x00000000d3860000)
 concurrent mark-sweep generation total 87424K, used 6500K [0x00000000e0c00000, 0x00000000e6160000, 0x0000000100000000)
 Metaspace       used 26065K, capacity 26326K, committed 26608K, reserved 1073152K
  class space    used 3135K, capacity 3208K, committed 3248K, reserved 1048576K
Event: 5.679 GC heap after
Heap after GC invocations=4 (full 1):
 par new generation   total 39296K, used 4352K [0x00000000d1200000, 0x00000000d3ca0000, 0x00000000e0c00000)
  eden space 34944K,   0% used [0x00000000d1200000, 0x00000000d1200000, 0x00000000d3420000)
  from space 4352K, 100% used [0x00000000d3420000, 0x00000000d3860000, 0x00000000d3860000)
  to   space 4352K,   0% used [0x00000000d3860000, 0x00000000d3860000, 0x00000000d3ca0000)
 concurrent mark-sweep generation total 87424K, used 12817K [0x00000000e0c00000, 0x00000000e6160000, 0x0000000100000000)
 Metaspace       used 26065K, capacity 26326K, committed 26608K, reserved 1073152K
  class space    used 3135K, capacity 3208K, committed 3248K, reserved 1048576K
}
Event: 6.391 GC heap before
{Heap before GC invocations=4 (full 1):
 par new generation   total 39296K, used 39296K [0x00000000d1200000, 0x00000000d3ca0000, 0x00000000e0c00000)
  eden space 34944K, 100% used [0x00000000d1200000, 0x00000000d3420000, 0x00000000d3420000)
  from space 4352K, 100% used [0x00000000d3420000, 0x00000000d3860000, 0x00000000d3860000)
  to   space 4352K,   0% used [0x00000000d3860000, 0x00000000d3860000, 0x00000000d3ca0000)
 concurrent mark-sweep generation total 87424K, used 11009K [0x00000000e0c00000, 0x00000000e6160000, 0x0000000100000000)
 Metaspace       used 26228K, capacity 26472K, committed 26864K, reserved 1073152K
  class space    used 3137K, capacity 3211K, committed 3248K, reserved 1048576K
Event: 6.418 GC heap after
Heap after GC invocations=5 (full 1):
 par new generation   total 39296K, used 4352K [0x00000000d1200000, 0x00000000d3ca0000, 0x00000000e0c00000)
  eden space 34944K,   0% used [0x00000000d1200000, 0x00000000d1200000, 0x00000000d3420000)
  from space 4352K, 100% used [0x00000000d3860000, 0x00000000d3ca0000, 0x00000000d3ca0000)
  to   space 4352K,   0% used [0x00000000d3420000, 0x00000000d3420000, 0x00000000d3860000)
 concurrent mark-sweep generation total 87424K, used 15344K [0x00000000e0c00000, 0x00000000e6160000, 0x0000000100000000)
 Metaspace       used 26228K, capacity 26472K, committed 26864K, reserved 1073152K
  class space    used 3137K, capacity 3211K, committed 3248K, reserved 1048576K
}
Event: 7.497 GC heap before
{Heap before GC invocations=5 (full 1):
 par new generation   total 39296K, used 39296K [0x00000000d1200000, 0x00000000d3ca0000, 0x00000000e0c00000)
  eden space 34944K, 100% used [0x00000000d1200000, 0x00000000d3420000, 0x00000000d3420000)
  from space 4352K, 100% used [0x00000000d3860000, 0x00000000d3ca0000, 0x00000000d3ca0000)
  to   space 4352K,   0% used [0x00000000d3420000, 0x00000000d3420000, 0x00000000d3860000)
 concurrent mark-sweep generation total 87424K, used 15344K [0x00000000e0c00000, 0x00000000e6160000, 0x0000000100000000)
 Metaspace       used 29185K, capacity 29566K, committed 29964K, reserved 1075200K
  class space    used 3507K, capacity 3612K, committed 3632K, reserved 1048576K
Event: 7.514 GC heap after
Heap after GC invocations=6 (full 1):
 par new generation   total 39296K, used 4352K [0x00000000d1200000, 0x00000000d3ca0000, 0x00000000e0c00000)
  eden space 34944K,   0% used [0x00000000d1200000, 0x00000000d1200000, 0x00000000d3420000)
  from space 4352K, 100% used [0x00000000d3420000, 0x00000000d3860000, 0x00000000d3860000)
  to   space 4352K,   0% used [0x00000000d3860000, 0x00000000d3860000, 0x00000000d3ca0000)
 concurrent mark-sweep generation total 87424K, used 17909K [0x00000000e0c00000, 0x00000000e6160000, 0x0000000100000000)
 Metaspace       used 29185K, capacity 29566K, committed 29964K, reserved 1075200K
  class space    used 3507K, capacity 3612K, committed 3632K, reserved 1048576K
}
Event: 9.199 GC heap before
{Heap before GC invocations=6 (full 1):
 par new generation   total 39296K, used 39296K [0x00000000d1200000, 0x00000000d3ca0000, 0x00000000e0c00000)
  eden space 34944K, 100% used [0x00000000d1200000, 0x00000000d3420000, 0x00000000d3420000)
  from space 4352K, 100% used [0x00000000d3420000, 0x00000000d3860000, 0x00000000d3860000)
  to   space 4352K,   0% used [0x00000000d3860000, 0x00000000d3860000, 0x00000000d3ca0000)
 concurrent mark-sweep generation total 87424K, used 17909K [0x00000000e0c00000, 0x00000000e6160000, 0x0000000100000000)
 Metaspace       used 35468K, capacity 36296K, committed 36620K, reserved 1081344K
  class space    used 4230K, capacity 4397K, committed 4400K, reserved 1048576K
Event: 9.220 GC heap after
Heap after GC invocations=7 (full 1):
 par new generation   total 39296K, used 3985K [0x00000000d1200000, 0x00000000d3ca0000, 0x00000000e0c00000)
  eden space 34944K,   0% used [0x00000000d1200000, 0x00000000d1200000, 0x00000000d3420000)
  from space 4352K,  91% used [0x00000000d3860000, 0x00000000d3c44458, 0x00000000d3ca0000)
  to   space 4352K,   0% used [0x00000000d3420000, 0x00000000d3420000, 0x00000000d3860000)
 concurrent mark-sweep generation total 87424K, used 19900K [0x00000000e0c00000, 0x00000000e6160000, 0x0000000100000000)
 Metaspace       used 35468K, capacity 36296K, committed 36620K, reserved 1081344K
  class space    used 4230K, capacity 4397K, committed 4400K, reserved 1048576K
}
Event: 10.940 GC heap before
{Heap before GC invocations=7 (full 1):
 par new generation   total 39296K, used 38925K [0x00000000d1200000, 0x00000000d3ca0000, 0x00000000e0c00000)
  eden space 34944K,  99% used [0x00000000d1200000, 0x00000000d341f370, 0x00000000d3420000)
  from space 4352K,  91% used [0x00000000d3860000, 0x00000000d3c44458, 0x00000000d3ca0000)
  to   space 4352K,   0% used [0x00000000d3420000, 0x00000000d3420000, 0x00000000d3860000)
 concurrent mark-sweep generation total 87424K, used 19900K [0x00000000e0c00000, 0x00000000e6160000, 0x0000000100000000)
 Metaspace       used 39687K, capacity 40606K, committed 40716K, reserved 1085440K
  class space    used 4830K, capacity 5078K, committed 5168K, reserved 1048576K

